<?xml version="1.0" encoding="UTF-8"?>
<!-- Generated by org.testng.reporters.JUnitReportReporter -->
<testsuite hostname="DESKTOP-A3JP2SC" failures="0" tests="1" name="project.mini_project.logintest" time="25.164" errors="0" timestamp="2022-01-12T11:11:58 IST" skipped="0">
  <testcase classname="project.mini_project.logintest" name="logintest1" time="25.164"/>
  <system-out/>
</testsuite> <!-- project.mini_project.logintest -->
